<?xml version="1.0" encoding="UTF-8" ?>
<testsuite errors="0" failures="22" hostname="GGGG" name="scientificcalculator.complexnumber.ComplexNumberTest" skipped="0" tests="69" time="0.391" timestamp="2023-12-13T17:26:54">
  <properties>
    <property name="libs.jsp-compiler.javadoc" value="" />
    <property name="netbeans.autoupdate.country" value="IT" />
    <property name="libs.jakartaee-web-api-8.0.src" value="" />
    <property name="javafx.binarycss" value="false" />
    <property name="libs.graaljs.maven-pom" value="" />
    <property name="javac.test.classpath" value=":build/classes:C:\Program Files\NetBeans-12.4\netbeans\platform\modules\ext\junit-jupiter-api-5.6.0.jar;C:\Program Files\NetBeans-12.4\netbeans\platform\modules\ext\junit-jupiter-params-5.6.0.jar;C:\Program Files\NetBeans-12.4\netbeans\platform\modules\ext\junit-jupiter-engine-5.6.0.jar:C:\Program Files\NetBeans-12.4\netbeans\platform\modules\ext\junit-4.13.1.jar:C:\Program Files\NetBeans-12.4\netbeans\platform\modules\ext\hamcrest-core-1.3.jar" />
    <property name="libs.jsf20.maven-pom" value="" />
    <property name="manifest.custom.codebase" value="*" />
    <property name="javac.test.sourcepath" value="C:\Users\sherr\Documents\NetBeansProjects\IngSoftwareGroup2-main\build\empty" />
    <property name="maven.defaultProjectBuilder.disableGlobalModelCache" value="true" />
    <property name="libs.spring-webmvc4.0.src" value="" />
    <property name="javac.includes" value="scientificcalculator/complexnumber/ComplexNumberTest.java" />
    <property name="ant.core.lib" value="C:\Program Files\NetBeans-12.4\netbeans\extide\ant\lib\ant.jar" />
    <property name="javadoc.windowtitle" value="" />
    <property name="libs.jsp-compilation.javadoc" value="" />
    <property name="javafx.preloader.enabled" value="false" />
    <property name="user.dir" value="C:\Users\sherr\Documents\NetBeansProjects\IngSoftwareGroup2-main" />
    <property name="libs.javaee-api-7.0.src" value="" />
    <property name="java.vm.version" value="25.382-b05" />
    <property name="libs.jakartaee-web-api-8.0.maven-pom" value="" />
    <property name="libs.eclipselinkmodelgen.src" value="" />
    <property name="javadoc.notree" value="false" />
    <property name="netbeans.autoupdate.version" value="1.23" />
    <property name="libs.javaee-web-api-6.0.classpath" value="C:\Program Files\NetBeans-12.4\netbeans\enterprise\modules\ext\javaee-web-api-6.0.jar" />
    <property name="javac.profile.cmd.line.arg" value="" />
    <property name="jdk.home" value="C:\Program Files\Java\openjdk-8u382" />
    <property name="javafx.enabled" value="true" />
    <property name="javadoc.noindex" value="false" />
    <property name="sun.os.patch.level" value="" />
    <property name="auxiliary.org-netbeans-modules-projectapi.issue214819_5f_fx_5f_enabled" value="true" />
    <property name="java.vm.specification.name" value="Java Virtual Machine Specification" />
    <property name="nb.show.statistics.ui" value="usageStatisticsEnabled" />
    <property name="netbeans.autoupdate.variant" value="" />
    <property name="have.tests" value="true" />
    <property name="org.xml.sax.driver" value="com.sun.org.apache.xerces.internal.jaxp.SAXParserImpl$JAXPSAXParser" />
    <property name="libs.hamcrest.classpath" value="C:\Program Files\NetBeans-12.4\netbeans\platform\modules\ext\hamcrest-core-1.3.jar" />
    <property name="os.name" value="Windows 11" />
    <property name="libs.jakartaee-web-api-9.0.javadoc" value="C:\Program Files\NetBeans-12.4\netbeans\enterprise\docs\jakartaee9-doc-api.jar" />
    <property name="test.class" value="scientificcalculator.complexnumber.ComplexNumberTest" />
    <property name="java.specification.maintenance.version" value="5" />
    <property name="jdk.gtk.version" value="2.2" />
    <property name="libs.javaee-endorsed-api-7.0.maven-pom" value="" />
    <property name="ap.proc.none.internal" value="" />
    <property name="libs.restapi.javadoc" value="" />
    <property name="ant.file.ScientificCalculator-impl" value="C:\Users\sherr\Documents\NetBeansProjects\IngSoftwareGroup2-main\nbproject\build-impl.xml" />
    <property name="libs.JWSAntTasks.maven-pom" value="" />
    <property name="libs.jstl.classpath" value="C:\Program Files\NetBeans-12.4\netbeans\enterprise\modules\ext\jstl-impl.jar;C:\Program Files\NetBeans-12.4\netbeans\enterprise\modules\ext\jstl-api.jar" />
    <property name="libs.testng.src" value="" />
    <property name="javafx.preloader.project.path" value="" />
    <property name="libs.spring-webmvc3.0.src" value="" />
    <property name="ant.file.ScientificCalculator" value="C:\Users\sherr\Documents\NetBeansProjects\IngSoftwareGroup2-main\build.xml" />
    <property name="libs.restapi.classpath" value="C:\Program Files\NetBeans-12.4\netbeans\enterprise\modules\ext\jaxrs-2.0\javax.ws.rs-api-2.0.jar" />
    <property name="java.vendor.url.bug" value="http://bugreport.sun.com/bugreport/" />
    <property name="javafx.preloader.type" value="none" />
    <property name="libs.jaxb.maven-pom" value="" />
    <property name="os.arch" value="amd64" />
    <property name="libs.eclipselink.src" value="" />
    <property name="user.name" value="sherr" />
    <property name="libs.jsf12.javadoc" value="C:\Program Files\NetBeans-12.4\netbeans\enterprise\docs\javaee-doc-api.jar" />
    <property name="copylibs.rebase" value="true" />
    <property name="libs.spring-webmvc5.0.javadoc" value="" />
    <property name="libs.spring-framework500.classpath" value="C:\Program Files\NetBeans-12.4\netbeans\platform\modules\org-apache-commons-logging.jar;C:\Program Files\NetBeans-12.4\netbeans\java\modules\ext\cglib-2.2.jar;C:\Program Files\NetBeans-12.4\netbeans\java\modules\ext\spring-5\spring-aop-5.2.9.RELEASE.jar;C:\Program Files\NetBeans-12.4\netbeans\java\modules\ext\spring-5\spring-aspects-5.2.9.RELEASE.jar;C:\Program Files\NetBeans-12.4\netbeans\java\modules\ext\spring-5\spring-beans-5.2.9.RELEASE.jar;C:\Program Files\NetBeans-12.4\netbeans\java\modules\ext\spring-5\spring-context-5.2.9.RELEASE.jar;C:\Program Files\NetBeans-12.4\netbeans\java\modules\ext\spring-5\spring-context-indexer-5.2.9.RELEASE.jar;C:\Program Files\NetBeans-12.4\netbeans\java\modules\ext\spring-5\spring-context-support-5.2.9.RELEASE.jar;C:\Program Files\NetBeans-12.4\netbeans\java\modules\ext\spring-5\spring-core-5.2.9.RELEASE.jar;C:\Program Files\NetBeans-12.4\netbeans\java\modules\ext\spring-5\spring-expression-5.2.9.RELEASE.jar;C:\Program Files\NetBeans-12.4\netbeans\java\modules\ext\spring-5\spring-instrument-5.2.9.RELEASE.jar;C:\Program Files\NetBeans-12.4\netbeans\java\modules\ext\spring-5\spring-jcl-5.2.9.RELEASE.jar;C:\Program Files\NetBeans-12.4\netbeans\java\modules\ext\spring-5\spring-jdbc-5.2.9.RELEASE.jar;C:\Program Files\NetBeans-12.4\netbeans\java\modules\ext\spring-5\spring-jms-5.2.9.RELEASE.jar;C:\Program Files\NetBeans-12.4\netbeans\java\modules\ext\spring-5\spring-messaging-5.2.9.RELEASE.jar;C:\Program Files\NetBeans-12.4\netbeans\java\modules\ext\spring-5\spring-orm-5.2.9.RELEASE.jar;C:\Program Files\NetBeans-12.4\netbeans\java\modules\ext\spring-5\spring-oxm-5.2.9.RELEASE.jar;C:\Program Files\NetBeans-12.4\netbeans\java\modules\ext\spring-5\spring-test-5.2.9.RELEASE.jar;C:\Program Files\NetBeans-12.4\netbeans\java\modules\ext\spring-5\spring-tx-5.2.9.RELEASE.jar;C:\Program Files\NetBeans-12.4\netbeans\java\modules\ext\spring-5\spring-web-5.2.9.RELEASE.jar;C:\Program Files\NetBeans-12.4\netbeans\java\modules\ext\spring-5\spring-webflux-5.2.9.RELEASE.jar;C:\Program Files\NetBeans-12.4\netbeans\java\modules\ext\spring-5\spring-webmvc-5.2.9.RELEASE.jar;C:\Program Files\NetBeans-12.4\netbeans\java\modules\ext\spring-5\spring-websocket-5.2.9.RELEASE.jar" />
    <property name="libs.spring-webmvc3.0.maven-pom" value="" />
    <property name="sun.java.command" value="org.apache.tools.ant.taskdefs.optional.junit.JUnitTestRunner scientificcalculator.complexnumber.ComplexNumberTest skipNonTests=false filtertrace=true haltOnError=false haltOnFailure=false showoutput=true outputtoformatters=true logfailedtests=true threadid=0 logtestlistenerevents=true formatter=org.apache.tools.ant.taskdefs.optional.junit.BriefJUnitResultFormatter formatter=org.apache.tools.ant.taskdefs.optional.junit.XMLJUnitResultFormatter,C:\Users\sherr\Documents\NetBeansProjects\IngSoftwareGroup2-main\build\test\results\TEST-scientificcalculator.complexnumber.ComplexNumberTest.xml crashfile=C:\Users\sherr\Documents\NetBeansProjects\IngSoftwareGroup2-main\build\junitvmwatcher54611509715982775.properties propsfile=C:\Users\sherr\Documents\NetBeansProjects\IngSoftwareGroup2-main\build\junit9187559077718945523.properties" />
    <property name="build.classes.dir" value="build/classes" />
    <property name="build.sysclasspath" value="ignore" />
    <property name="manifest.encoding" value="UTF-8" />
    <property name="ap.supported.internal" value="true" />
    <property name="java.failonerror" value="true" />
    <property name="libs.javaee-api-8.0.maven-pom" value="" />
    <property name="run.modulepath" value="" />
    <property name="libs.javaee-endorsed-api-7.0.javadoc" value="C:\Program Files\NetBeans-12.4\netbeans\enterprise\docs\javaee-doc-api.jar" />
    <property name="libs.jaxws21.javadoc" value="C:\Program Files\NetBeans-12.4\netbeans\java\docs\jaxws-api-doc.zip" />
    <property name="libs.spring-webmvc4.0.javadoc" value="" />
    <property name="javafx.run.width" value="800" />
    <property name="includes" value="**" />
    <property name="user.country" value="IT" />
    <property name="manifest.file" value="manifest.mf" />
    <property name="javadoc.encoding" value="UTF-8" />
    <property name="javac.classpath" value="" />
    <property name="libs.jsp-compilation-syscp.src" value="" />
    <property name="libs.spring-framework400.classpath" value="C:\Program Files\NetBeans-12.4\netbeans\platform\modules\org-apache-commons-logging.jar;C:\Program Files\NetBeans-12.4\netbeans\java\modules\ext\cglib-2.2.jar;C:\Program Files\NetBeans-12.4\netbeans\java\modules\ext\spring-4\spring-aop-4.3.29.RELEASE.jar;C:\Program Files\NetBeans-12.4\netbeans\java\modules\ext\spring-4\spring-aspects-4.3.29.RELEASE.jar;C:\Program Files\NetBeans-12.4\netbeans\java\modules\ext\spring-4\spring-beans-4.3.29.RELEASE.jar;C:\Program Files\NetBeans-12.4\netbeans\java\modules\ext\spring-4\spring-context-4.3.29.RELEASE.jar;C:\Program Files\NetBeans-12.4\netbeans\java\modules\ext\spring-4\spring-context-support-4.3.29.RELEASE.jar;C:\Program Files\NetBeans-12.4\netbeans\java\modules\ext\spring-4\spring-core-4.3.29.RELEASE.jar;C:\Program Files\NetBeans-12.4\netbeans\java\modules\ext\spring-4\spring-expression-4.3.29.RELEASE.jar;C:\Program Files\NetBeans-12.4\netbeans\java\modules\ext\spring-4\spring-instrument-4.3.29.RELEASE.jar;C:\Program Files\NetBeans-12.4\netbeans\java\modules\ext\spring-4\spring-instrument-tomcat-4.3.29.RELEASE.jar;C:\Program Files\NetBeans-12.4\netbeans\java\modules\ext\spring-4\spring-jdbc-4.3.29.RELEASE.jar;C:\Program Files\NetBeans-12.4\netbeans\java\modules\ext\spring-4\spring-jms-4.3.29.RELEASE.jar;C:\Program Files\NetBeans-12.4\netbeans\java\modules\ext\spring-4\spring-messaging-4.3.29.RELEASE.jar;C:\Program Files\NetBeans-12.4\netbeans\java\modules\ext\spring-4\spring-orm-4.3.29.RELEASE.jar;C:\Program Files\NetBeans-12.4\netbeans\java\modules\ext\spring-4\spring-oxm-4.3.29.RELEASE.jar;C:\Program Files\NetBeans-12.4\netbeans\java\modules\ext\spring-4\spring-test-4.3.29.RELEASE.jar;C:\Program Files\NetBeans-12.4\netbeans\java\modules\ext\spring-4\spring-tx-4.3.29.RELEASE.jar;C:\Program Files\NetBeans-12.4\netbeans\java\modules\ext\spring-4\spring-web-4.3.29.RELEASE.jar;C:\Program Files\NetBeans-12.4\netbeans\java\modules\ext\spring-4\spring-webmvc-4.3.29.RELEASE.jar;C:\Program Files\NetBeans-12.4\netbeans\java\modules\ext\spring-4\spring-webmvc-portlet-4.3.29.RELEASE.jar;C:\Program Files\NetBeans-12.4\netbeans\java\modules\ext\spring-4\spring-websocket-4.3.29.RELEASE.jar" />
    <property name="debug-transport" value="dt_shmem" />
    <property name="netbeans.home" value="C:\Program Files\NetBeans-12.4\netbeans\platform" />
    <property name="build.compiler.emacs" value="true" />
    <property name="libs.javaee-web-api-6.0.src" value="" />
    <property name="libs.jsp-compilation-syscp.classpath" value="C:\Program Files\NetBeans-12.4\netbeans\extide\ant\lib\ant.jar;C:\Program Files\NetBeans-12.4\netbeans\enterprise\modules\ext\servlet3.1-jsp2.3-api.jar;C:\Program Files\NetBeans-12.4\netbeans\enterprise\modules\ext\glassfish-jspparser-4.0.jar;C:\Program Files\NetBeans-12.4\netbeans\enterprise\modules\ext\jstl-impl.jar;C:\Program Files\NetBeans-12.4\netbeans\enterprise\modules\ext\jsf-2_2\javax.faces.jar" />
    <property name="javac.modulepath" value="" />
    <property name="javafx.deploy.includeDT" value="true" />
    <property name="java.endorsed.dirs" value="C:\Program Files\Java\openjdk-8u382\jre\lib\endorsed" />
    <property name="libs.groovy-all.src" value="" />
    <property name="libs.junit_5.src" value="C:\Program Files\NetBeans-12.4\netbeans\platform\docs\junit-jupiter-api-5.6.0-sources.jar;C:\Program Files\NetBeans-12.4\netbeans\platform\docs\junit-jupiter-params-5.6.0-sources.jar;C:\Program Files\NetBeans-12.4\netbeans\platform\docs\junit-jupiter-engine-5.6.0-sources.jar" />
    <property name="test.includes" value="scientificcalculator/complexnumber/ComplexNumberTest.java" />
    <property name="libs.jakartaee-api-8.0.classpath" value="C:\Program Files\NetBeans-12.4\netbeans\enterprise\modules\ext\jakarta.jakartaee-api-8.0.0.jar" />
    <property name="netbeans.dynamic.classpath" value="C:\Program Files\NetBeans-12.4\netbeans\platform\core\asm-8.0.1.jar;C:\Program Files\NetBeans-12.4\netbeans\platform\core\asm-commons-8.0.1.jar;C:\Program Files\NetBeans-12.4\netbeans\platform\core\asm-tree-8.0.1.jar;C:\Program Files\NetBeans-12.4\netbeans\platform\core\core-base.jar;C:\Program Files\NetBeans-12.4\netbeans\platform\core\core.jar;C:\Program Files\NetBeans-12.4\netbeans\platform\core\org-netbeans-libs-asm.jar;C:\Program Files\NetBeans-12.4\netbeans\platform\core\org-openide-filesystems-compat8.jar;C:\Program Files\NetBeans-12.4\netbeans\platform\core\org-openide-filesystems.jar;C:\Program Files\NetBeans-12.4\netbeans\nb\core\org-netbeans-upgrader.jar;C:\Program Files\NetBeans-12.4\netbeans\nb\core\locale\core_nb.jar" />
    <property name="jnlp.enabled" value="false" />
    <property name="java.vm.specification.version" value="1.8" />
    <property name="plugin.manager.check.updates" value="false" />
    <property name="libs.primefaces.classpath" value="C:\Program Files\NetBeans-12.4\netbeans\enterprise\modules\ext\primefaces\primefaces-5.0.jar" />
    <property name="libs.javaee-api-6.0.classpath" value="C:\Program Files\NetBeans-12.4\netbeans\enterprise\modules\ext\javaee-api-6.0.jar" />
    <property name="libs.groovy-all.maven-pom" value="" />
    <property name="netbeans.productversion" value="Apache NetBeans IDE 12.4" />
    <property name="javafx.preloader.class" value="" />
    <property name="libs.jaxws21.src" value="" />
    <property name="application.title" value="ScientificCalculator" />
    <property name="libs.spring-webmvc5.0.classpath" value="C:\Program Files\NetBeans-12.4\netbeans\java\modules\ext\spring-5\spring-webmvc-5.2.9.RELEASE.jar" />
    <property name="netbeans.autoupdate.language" value="it" />
    <property name="java.vendor" value="OpenLogic-OpenJDK" />
    <property name="libs.javaee-api-6.0.javadoc" value="C:\Program Files\NetBeans-12.4\netbeans\enterprise\docs\javaee-doc-api.jar" />
    <property name="jar.index.metainf" value="false" />
    <property name="javac.debug" value="true" />
    <property name="javadoc.splitindex" value="true" />
    <property name="file.separator" value="\" />
    <property name="javac.includesfile.binary" value="C:\Users\sherr\Documents\NetBeansProjects\IngSoftwareGroup2-main\null1687490232" />
    <property name="libs.junit_4.maven-pom" value="" />
    <property name="javac.test.processorpath" value=":build/classes:C:\Program Files\NetBeans-12.4\netbeans\platform\modules\ext\junit-jupiter-api-5.6.0.jar;C:\Program Files\NetBeans-12.4\netbeans\platform\modules\ext\junit-jupiter-params-5.6.0.jar;C:\Program Files\NetBeans-12.4\netbeans\platform\modules\ext\junit-jupiter-engine-5.6.0.jar:C:\Program Files\NetBeans-12.4\netbeans\platform\modules\ext\junit-4.13.1.jar:C:\Program Files\NetBeans-12.4\netbeans\platform\modules\ext\hamcrest-core-1.3.jar" />
    <property name="netbeans.buildnumber" value="12.4-21726744165c946ba6619bff89e98d5863f26e22" />
    <property name="libs.JWSAntTasks.javadoc" value="" />
    <property name="build.generated.sources.dir" value="build/generated-sources" />
    <property name="user.variant" value="" />
    <property name="libs.eclipselinkmodelgen.classpath" value="C:\Program Files\NetBeans-12.4\netbeans\java\modules\ext\eclipselink\org.eclipse.persistence.jpa.modelgen.processor-2.7.7.jar" />
    <property name="libs.javaee-endorsed-api-7.0.src" value="" />
    <property name="sun.java.launcher" value="SUN_STANDARD" />
    <property name="libs.jaxb.javadoc" value="C:\Program Files\NetBeans-12.4\netbeans\ide\docs\jaxb-api-doc.jar" />
    <property name="libs.struts.classpath" value="C:\Program Files\NetBeans-12.4\netbeans\enterprise\modules\ext\struts\antlr-2.7.2.jar;C:\Program Files\NetBeans-12.4\netbeans\enterprise\modules\ext\struts\bsf-2.3.0.jar;C:\Program Files\NetBeans-12.4\netbeans\enterprise\modules\ext\struts\commons-beanutils-1.8.0.jar;C:\Program Files\NetBeans-12.4\netbeans\enterprise\modules\ext\struts\commons-chain-1.2.jar;C:\Program Files\NetBeans-12.4\netbeans\enterprise\modules\ext\struts\commons-digester-1.8.jar;C:\Program Files\NetBeans-12.4\netbeans\enterprise\modules\ext\struts\commons-fileupload-1.1.1.jar;C:\Program Files\NetBeans-12.4\netbeans\enterprise\modules\ext\struts\commons-io-1.1.jar;C:\Program Files\NetBeans-12.4\netbeans\enterprise\modules\ext\struts\commons-logging-1.0.4.jar;C:\Program Files\NetBeans-12.4\netbeans\enterprise\modules\ext\struts\commons-validator-1.3.1.jar;C:\Program Files\NetBeans-12.4\netbeans\enterprise\modules\ext\struts\jstl-1.0.2.jar;C:\Program Files\NetBeans-12.4\netbeans\enterprise\modules\ext\struts\oro-2.0.8.jar;C:\Program Files\NetBeans-12.4\netbeans\enterprise\modules\ext\struts\standard-1.0.6.jar;C:\Program Files\NetBeans-12.4\netbeans\enterprise\modules\ext\struts\struts-core-1.3.10.jar;C:\Program Files\NetBeans-12.4\netbeans\enterprise\modules\ext\struts\struts-el-1.3.10.jar;C:\Program Files\NetBeans-12.4\netbeans\enterprise\modules\ext\struts\struts-extras-1.3.10.jar;C:\Program Files\NetBeans-12.4\netbeans\enterprise\modules\ext\struts\struts-faces-1.3.10.jar;C:\Program Files\NetBeans-12.4\netbeans\enterprise\modules\ext\struts\struts-mailreader-dao-1.3.10.jar;C:\Program Files\NetBeans-12.4\netbeans\enterprise\modules\ext\struts\struts-scripting-1.3.10.jar;C:\Program Files\NetBeans-12.4\netbeans\enterprise\modules\ext\struts\struts-taglib-1.3.10.jar;C:\Program Files\NetBeans-12.4\netbeans\enterprise\modules\ext\struts\struts-tiles-1.3.10.jar" />
    <property name="javac.includes.binary" value="C:\Users\sherr\Documents\NetBeansProjects\IngSoftwareGroup2-main\build\test\classes\scientificcalculator\complexnumber\ComplexNumberTest.class" />
    <property name="ant.home" value="C:\Program Files\NetBeans-12.4\netbeans\extide\ant" />
    <property name="libs.junit_4.src" value="C:\Program Files\NetBeans-12.4\netbeans\platform\docs\junit-4.13.1-sources.jar" />
    <property name="javafx.run.height" value="600" />
    <property name="libs.testng.classpath" value="C:\Program Files\NetBeans-12.4\netbeans\platform\modules\ext\testng-6.14.3.jar;C:\Program Files\NetBeans-12.4\netbeans\platform\modules\ext\jcommander-1.78.jar" />
    <property name="libs.absolutelayout.maven-pom" value="" />
    <property name="ant.java.version" value="1.8" />
    <property name="java.library.path" value="C:\Program Files\Java\openjdk-8u382\jre\bin;C:\WINDOWS\Sun\Java\bin;C:\WINDOWS\system32;C:\WINDOWS;C:\Program Files (x86)\Common Files\Oracle\Java\javapath;C:\WINDOWS\system32;C:\WINDOWS;C:\WINDOWS\System32\Wbem;C:\WINDOWS\System32\WindowsPowerShell\v1.0\;C:\WINDOWS\System32\OpenSSH\;C:\Program Files\WireGuard\;C:\Program Files\Git\cmd;C:\Program Files\Git\usr\bin\ssh.exe;C:\Users\sherr\AppData\Local\Microsoft\WindowsApps;C:\Users\sherr\AppData\Local\Programs\Microsoft VS Code\bin;;." />
    <property name="javadoc.author" value="false" />
    <property name="libs.metro.maven-pom" value="" />
    <property name="java.util.logging.config.class" value="org.netbeans.core.startup.TopLogging" />
    <property name="libs.spring-framework400.src" value="" />
    <property name="libs.PostgreSQLDriver.src" value="" />
    <property name="libs.graaljs.javadoc" value="" />
    <property name="libs.jakartaee-web-api-9.0.maven-pom" value="" />
    <property name="libs.spring-framework500.javadoc" value="" />
    <property name="libs.graaljs.src" value="" />
    <property name="sun.arch.data.model" value="64" />
    <property name="basedir" value="C:\Users\sherr\Documents\NetBeansProjects\IngSoftwareGroup2-main" />
    <property name="libs.jpa20-persistence.maven-pom" value="" />
    <property name="jar.compress" value="false" />
    <property name="libs.javaee-web-api-7.0.classpath" value="C:\Program Files\NetBeans-12.4\netbeans\enterprise\modules\ext\javaee-web-api-7.0.jar" />
    <property name="path.separator" value=";" />
    <property name="libs.javaee-web-api-6.0.javadoc" value="C:\Program Files\NetBeans-12.4\netbeans\enterprise\docs\javaee-doc-api.jar" />
    <property name="ant.junit.enabletestlistenerevents" value="true" />
    <property name="sun.io.unicode.encoding" value="UnicodeLittle" />
    <property name="libs.jaxws21.classpath" value="C:\Program Files\NetBeans-12.4\netbeans\ide\modules\ext\jaxb\jaxb-impl.jar;C:\Program Files\NetBeans-12.4\netbeans\ide\modules\ext\jaxb\jaxb-xjc.jar;C:\Program Files\NetBeans-12.4\netbeans\java\modules\ext\jaxws22\FastInfoset.jar;C:\Program Files\NetBeans-12.4\netbeans\java\modules\ext\jaxws22\gmbal-api-only.jar;C:\Program Files\NetBeans-12.4\netbeans\java\modules\ext\jaxws22\ha-api.jar;C:\Program Files\NetBeans-12.4\netbeans\java\modules\ext\jaxws22\javax.mail_1.4.jar;C:\Program Files\NetBeans-12.4\netbeans\java\modules\ext\jaxws22\jaxws-rt.jar;C:\Program Files\NetBeans-12.4\netbeans\java\modules\ext\jaxws22\jaxws-tools.jar;C:\Program Files\NetBeans-12.4\netbeans\java\modules\ext\jaxws22\management-api.jar;C:\Program Files\NetBeans-12.4\netbeans\java\modules\ext\jaxws22\mimepull.jar;C:\Program Files\NetBeans-12.4\netbeans\java\modules\ext\jaxws22\policy.jar;C:\Program Files\NetBeans-12.4\netbeans\java\modules\ext\jaxws22\saaj-impl.jar;C:\Program Files\NetBeans-12.4\netbeans\java\modules\ext\jaxws22\stax-ex.jar;C:\Program Files\NetBeans-12.4\netbeans\java\modules\ext\jaxws22\stax2-api.jar;C:\Program Files\NetBeans-12.4\netbeans\java\modules\ext\jaxws22\streambuffer.jar;C:\Program Files\NetBeans-12.4\netbeans\java\modules\ext\jaxws22\woodstox-core-asl.jar;C:\Program Files\NetBeans-12.4\netbeans\java\modules\ext\jaxws22\api\jaxws-api.jar;C:\Program Files\NetBeans-12.4\netbeans\java\modules\ext\jaxws22\api\jsr181-api.jar;C:\Program Files\NetBeans-12.4\netbeans\java\modules\ext\jaxws22\api\javax.annotation.jar;C:\Program Files\NetBeans-12.4\netbeans\java\modules\ext\jaxws22\api\saaj-api.jar;C:\Program Files\NetBeans-12.4\netbeans\ide\modules\ext\jaxb\activation.jar;C:\Program Files\NetBeans-12.4\netbeans\ide\modules\ext\jaxb\api\jaxb-api.jar" />
    <property name="libs.struts.src" value="" />
    <property name="compile.on.save" value="true" />
    <property name="apple.awt.graphics.UseQuartz" value="true" />
    <property name="user.language" value="it" />
    <property name="testng.mode" value="testng" />
    <property name="libs.JAXB-ENDORSED.maven-pom" value="" />
    <property name="libs.eclipselink.maven-pom" value="" />
    <property name="org.netbeans.io.suspend" value="0" />
    <property name="application.vendor" value="utente" />
    <property name="test.binaryincludes" value="&lt;nothing&gt;" />
    <property name="manifest.available" value="true" />
    <property name="libs.primefaces.javadoc" value="" />
    <property name="libs.spring-framework300.maven-pom" value="" />
    <property name="run.test.classpath" value=":build/classes:C:\Program Files\NetBeans-12.4\netbeans\platform\modules\ext\junit-jupiter-api-5.6.0.jar;C:\Program Files\NetBeans-12.4\netbeans\platform\modules\ext\junit-jupiter-params-5.6.0.jar;C:\Program Files\NetBeans-12.4\netbeans\platform\modules\ext\junit-jupiter-engine-5.6.0.jar:C:\Program Files\NetBeans-12.4\netbeans\platform\modules\ext\junit-4.13.1.jar:C:\Program Files\NetBeans-12.4\netbeans\platform\modules\ext\hamcrest-core-1.3.jar:build/test/classes" />
    <property name="ant.project.invoked-targets" value="test-single" />
    <property name="test.binaryexcludes" value="" />
    <property name="sun.java2d.dpiaware" value="true" />
    <property name="https.nonProxyHosts" value="localhost|127.0.0.1|GGGG" />
    <property name="libs.PostgreSQLDriver.maven-pom" value="" />
    <property name="java.class.version" value="52.0" />
    <property name="libs.javaee-endorsed-api-6.0.src" value="" />
    <property name="libs.eclipselink.javadoc" value="C:\Program Files\NetBeans-12.4\netbeans\java\modules\ext\docs\javax.persistence-2.2.1-doc.zip" />
    <property name="libs.jsp-compilation.maven-pom" value="" />
    <property name="user.properties.file" value="C:\Users\sherr\AppData\Roaming\NetBeans\12.4\build.properties" />
    <property name="runtime.encoding" value="UTF-8" />
    <property name="javafx.rebase.libs" value="false" />
    <property name="file.encoding.pkg" value="sun.io" />
    <property name="sun.cpu.endian" value="little" />
    <property name="libs.JAXB-ENDORSED.javadoc" value="" />
    <property name="libs.JWSAntTasks.classpath" value="C:\Program Files\NetBeans-12.4\netbeans\java\ant\extra\org-netbeans-modules-javawebstart-anttasks.jar" />
    <property name="libs.spring-webmvc4.0.maven-pom" value="" />
    <property name="libs.spring-framework300.src" value="" />
    <property name="libs.jstl.src" value="" />
    <property name="empty.dir" value="C:\Users\sherr\Documents\NetBeansProjects\IngSoftwareGroup2-main\build\empty" />
    <property name="javafx.deploy.backgroundupdate" value="false" />
    <property name="javafx.disable.concurrent.runs" value="false" />
    <property name="test.binarytestincludes" value="" />
    <property name="javafx.preloader.jar.path" value="" />
    <property name="javadoc.preview" value="true" />
    <property name="libs.jpa20-persistence.javadoc" value="C:\Program Files\NetBeans-12.4\netbeans\java\modules\ext\docs\javax.persistence-2.2.1-doc.zip" />
    <property name="java.home" value="C:\Program Files\Java\openjdk-8u382\jre" />
    <property name="libs.jsp-compilation.src" value="" />
    <property name="libs.jakartaee-web-api-8.0.javadoc" value="C:\Program Files\NetBeans-12.4\netbeans\enterprise\docs\jakartaee8-doc-api.jar" />
    <property name="debug.test.classpath" value=":build/classes:C:\Program Files\NetBeans-12.4\netbeans\platform\modules\ext\junit-jupiter-api-5.6.0.jar;C:\Program Files\NetBeans-12.4\netbeans\platform\modules\ext\junit-jupiter-params-5.6.0.jar;C:\Program Files\NetBeans-12.4\netbeans\platform\modules\ext\junit-jupiter-engine-5.6.0.jar:C:\Program Files\NetBeans-12.4\netbeans\platform\modules\ext\junit-4.13.1.jar:C:\Program Files\NetBeans-12.4\netbeans\platform\modules\ext\hamcrest-core-1.3.jar:build/test/classes" />
    <property name="libs.javaee-endorsed-api-6.0.classpath" value="C:\Program Files\NetBeans-12.4\netbeans\enterprise\modules\ext\javaee6-endorsed\javax.annotation.jar;C:\Program Files\NetBeans-12.4\netbeans\enterprise\modules\ext\javaee6-endorsed\jaxb-api-osgi.jar;C:\Program Files\NetBeans-12.4\netbeans\enterprise\modules\ext\javaee6-endorsed\webservices-api-osgi.jar" />
    <property name="libs.javaee-api-6.0.src" value="" />
    <property name="netbeans.importclass" value="org.netbeans.upgrade.AutoUpgrade" />
    <property name="ant.project.default-target" value="default" />
    <property name="annotation.processing.run.all.processors" value="true" />
    <property name="jar.archive.disabled" value="true" />
    <property name="libs.PostgreSQLDriver.javadoc" value="" />
    <property name="libs.restlib.classpath" value="C:\Program Files\NetBeans-12.4\netbeans\enterprise\modules\ext\jersey2\ext\asm-all-repackaged-2.2.0-b21.jar;C:\Program Files\NetBeans-12.4\netbeans\enterprise\modules\ext\jersey2\ext\cglib-2.2.0-b21.jar;C:\Program Files\NetBeans-12.4\netbeans\enterprise\modules\ext\jersey2\ext\guava-14.0.1.jar;C:\Program Files\NetBeans-12.4\netbeans\enterprise\modules\ext\jersey2\ext\hk2-api-2.2.0-b21.jar;C:\Program Files\NetBeans-12.4\netbeans\enterprise\modules\ext\jersey2\ext\hk2-locator-2.2.0-b21.jar;C:\Program Files\NetBeans-12.4\netbeans\enterprise\modules\ext\jersey2\ext\hk2-utils-2.2.0-b21.jar;C:\Program Files\NetBeans-12.4\netbeans\enterprise\modules\ext\jersey2\ext\javax.annotation-api-1.2.jar;C:\Program Files\NetBeans-12.4\netbeans\enterprise\modules\ext\jersey2\ext\javax.inject-2.2.0-b21.jar;C:\Program Files\NetBeans-12.4\netbeans\enterprise\modules\ext\jersey2\ext\javax.servlet-api-3.0.1.jar;C:\Program Files\NetBeans-12.4\netbeans\enterprise\modules\ext\jersey2\ext\jaxb-api-2.2.7.jar;C:\Program Files\NetBeans-12.4\netbeans\enterprise\modules\ext\jersey2\ext\jersey-entity-filtering-2.5.1.jar;C:\Program Files\NetBeans-12.4\netbeans\enterprise\modules\ext\jersey2\ext\jersey-media-moxy-2.5.1.jar;C:\Program Files\NetBeans-12.4\netbeans\enterprise\modules\ext\jersey2\ext\org.osgi.core-4.2.0.jar;C:\Program Files\NetBeans-12.4\netbeans\enterprise\modules\ext\jersey2\ext\osgi-resource-locator-1.0.1.jar;C:\Program Files\NetBeans-12.4\netbeans\enterprise\modules\ext\jersey2\ext\persistence-api-1.0.jar;C:\Program Files\NetBeans-12.4\netbeans\enterprise\modules\ext\jersey2\ext\validation-api-1.1.0.Final.jar;C:\Program Files\NetBeans-12.4\netbeans\enterprise\modules\ext\jersey2\jersey-client.jar;C:\Program Files\NetBeans-12.4\netbeans\enterprise\modules\ext\jersey2\jersey-common.jar;C:\Program Files\NetBeans-12.4\netbeans\enterprise\modules\ext\jersey2\jersey-container-servlet.jar;C:\Program Files\NetBeans-12.4\netbeans\enterprise\modules\ext\jersey2\jersey-container-servlet-core.jar;C:\Program Files\NetBeans-12.4\netbeans\enterprise\modules\ext\jersey2\jersey-server.jar;C:\Program Files\NetBeans-12.4\netbeans\java\modules\ext\eclipselink\org.eclipse.persistence.core-2.7.7.jar;C:\Program Files\NetBeans-12.4\netbeans\java\modules\ext\eclipselink\org.eclipse.persistence.asm-2.7.7.jar;C:\Program Files\NetBeans-12.4\netbeans\java\modules\ext\eclipselink\org.eclipse.persistence.antlr-2.7.7.jar;C:\Program Files\NetBeans-12.4\netbeans\java\modules\ext\eclipselink\org.eclipse.persistence.jpa-2.7.7.jar;C:\Program Files\NetBeans-12.4\netbeans\java\modules\ext\eclipselink\org.eclipse.persistence.jpa.jpql-2.7.7.jar;C:\Program Files\NetBeans-12.4\netbeans\java\modules\ext\eclipselink\org.eclipse.persistence.moxy-2.7.7.jar" />
    <property name="javafx.main.class" value="scientificcalculator.ScientificCalculator" />
    <property name="netbeans.extbrowser.manual_chrome_plugin_install" value="yes" />
    <property name="libs.jakartaee-api-9.0.classpath" value="C:\Program Files\NetBeans-12.4\netbeans\enterprise\modules\ext\jakarta.jakartaee-api-9.0.0.jar" />
    <property name="javafx.application.implementation.version" value="1.0" />
    <property name="http.nonProxyHosts" value="localhost|127.0.0.1|GGGG" />
    <property name="libs.junit_4.javadoc" value="C:\Program Files\NetBeans-12.4\netbeans\platform\docs\junit-4.13.1-javadoc.jar" />
    <property name="javac.test.modulepath" value="" />
    <property name="libs.javaee-web-api-6.0.maven-pom" value="" />
    <property name="run.classpath" value="dist/ScientificCalculator.jar::build/classes" />
    <property name="endorsed.javafx.ant.classpath" value="." />
    <property name="jna.boot.library.name" value="jnidispatch-nb" />
    <property name="libs.javaee-endorsed-api-6.0.javadoc" value="C:\Program Files\NetBeans-12.4\netbeans\enterprise\docs\javaee-doc-api.jar" />
    <property name="libs.javaee-api-7.0.classpath" value="C:\Program Files\NetBeans-12.4\netbeans\enterprise\modules\ext\javaee-api-7.0.jar" />
    <property name="sun.awt.datatransfer.timeout" value="1000" />
    <property name="libs.jakartaee-api-9.0.src" value="" />
    <property name="libs.spring-webmvc3.0.javadoc" value="" />
    <property name="annotation.processing.enabled.in.editor" value="false" />
    <property name="nb.native.filechooser" value="false" />
    <property name="libs.restapi.src" value="" />
    <property name="sun.management.compiler" value="HotSpot 64-Bit Tiered Compilers" />
    <property name="javac.deprecation" value="false" />
    <property name="javadoc.use" value="true" />
    <property name="sun.java2d.noddraw" value="true" />
    <property name="libs.jsp-compiler.classpath" value="C:\Program Files\NetBeans-12.4\netbeans\enterprise\ant\extra\jspcompile.jar" />
    <property name="javac.processorpath" value="" />
    <property name="libs.hamcrest.maven-pom" value="" />
    <property name="libs.junit_5.classpath" value="C:\Program Files\NetBeans-12.4\netbeans\platform\modules\ext\junit-jupiter-api-5.6.0.jar;C:\Program Files\NetBeans-12.4\netbeans\platform\modules\ext\junit-jupiter-params-5.6.0.jar;C:\Program Files\NetBeans-12.4\netbeans\platform\modules\ext\junit-jupiter-engine-5.6.0.jar" />
    <property name="javac.compilerargs" value="" />
    <property name="ant.file" value="C:\Users\sherr\Documents\NetBeansProjects\IngSoftwareGroup2-main\build.xml" />
    <property name="libs.jsf12.classpath" value="C:\Program Files\NetBeans-12.4\netbeans\enterprise\modules\ext\jsf-1_2\jsf-api.jar;C:\Program Files\NetBeans-12.4\netbeans\enterprise\modules\ext\jsf-1_2\jsf-impl.jar" />
    <property name="libs.jstl.maven-pom" value="" />
    <property name="libs.restapi.maven-pom" value="" />
    <property name="java.vm.specification.vendor" value="Oracle Corporation" />
    <property name="org.openide.major.version" value="IDE/1" />
    <property name="java.vm.name" value="OpenJDK 64-Bit Server VM" />
    <property name="javafx.preloader.jar.filename" value="" />
    <property name="netbeans.user" value="C:\Users\sherr\AppData\Roaming\NetBeans\12.4" />
    <property name="javadoc.additionalparam" value="" />
    <property name="java.io.tmpdir" value="C:\Users\sherr\AppData\Local\Temp\" />
    <property name="javafx.run.inbrowser.path" value="C:\Program Files\Internet Explorer\iexplore.exe" />
    <property name="java.vendor.url" value="http://java.oracle.com/" />
    <property name="endorsed.classpath.cmd.line.arg" value="" />
    <property name="jna.loaded" value="true" />
    <property name="junit.available" value="true" />
    <property name="libs.javaee-web-api-8.0.classpath" value="C:\Program Files\NetBeans-12.4\netbeans\enterprise\modules\ext\javaee-web-api-8.0.jar" />
    <property name="libs.jakartaee-api-9.0.javadoc" value="C:\Program Files\NetBeans-12.4\netbeans\enterprise\docs\jakartaee9-doc-api.jar" />
    <property name="libs.jsp-compiler.src" value="" />
    <property name="libs.jakartaee-web-api-9.0.classpath" value="C:\Program Files\NetBeans-12.4\netbeans\enterprise\modules\ext\jakarta.jakartaee-web-api-9.0.0.jar" />
    <property name="sun.boot.library.path" value="C:\Program Files\Java\openjdk-8u382\jre\bin" />
    <property name="have.sources" value="true" />
    <property name="libs.graaljs.classpath" value="C:\Program Files\NetBeans-12.4\netbeans\webcommon\modules\ext\js-20.2.0.jar;C:\Program Files\NetBeans-12.4\netbeans\webcommon\modules\ext\js-launcher-20.2.0.jar;C:\Program Files\NetBeans-12.4\netbeans\webcommon\modules\ext\regex-20.2.0.jar;C:\Program Files\NetBeans-12.4\netbeans\webcommon\modules\ext\icu4j-67.1.jar;C:\Program Files\NetBeans-12.4\netbeans\ide\modules\ext\graal-sdk-20.2.0.jar;C:\Program Files\NetBeans-12.4\netbeans\ide\modules\ext\launcher-common-20.2.0.jar;C:\Program Files\NetBeans-12.4\netbeans\ide\modules\ext\truffle-api-20.2.0.jar" />
    <property name="libs.hamcrest.javadoc" value="" />
    <property name="debug.classpath" value="dist/ScientificCalculator.jar::build/classes" />
    <property name="javadoc.private" value="false" />
    <property name="libs.jakartaee-api-8.0.src" value="" />
    <property name="test.src.dir" value="test" />
    <property name="libs.jakartaee-web-api-9.0.src" value="" />
    <property name="libs.jsf20.classpath" value="C:\Program Files\NetBeans-12.4\netbeans\enterprise\modules\ext\jsf-2_2\javax.faces.jar" />
    <property name="ap.processors.internal" value="" />
    <property name="libs.javaee-api-8.0.javadoc" value="C:\Program Files\NetBeans-12.4\netbeans\enterprise\docs\javaee-doc-api.jar" />
    <property name="meta.inf.dir" value="src/META-INF" />
    <property name="javadoc.encoding.used" value="UTF-8" />
    <property name="dist.jar" value="dist/ScientificCalculator.jar" />
    <property name="libs.spring-framework400.maven-pom" value="" />
    <property name="java.runtime.name" value="OpenJDK Runtime Environment" />
    <property name="debug.test.modulepath" value="" />
    <property name="ant.project.name" value="ScientificCalculator" />
    <property name="libs.spring-webmvc5.0.src" value="" />
    <property name="netbeans.hash.code" value="unique=NB_EXTIDE_JAVA_PHP_WEBCOMMON_WEBEE084d6ab45-dead-4536-994f-88a82033a20f_6ed9f939-ba41-4ec3-b96c-867b295a194c" />
    <property name="netbeans.default_userdir_root" value="C:\Users\sherr\AppData\Roaming\NetBeans" />
    <property name="libs.jsp-compilation-syscp.maven-pom" value="" />
    <property name="sun.cpu.isalist" value="amd64" />
    <property name="libs.jakartaee-web-api-8.0.classpath" value="C:\Program Files\NetBeans-12.4\netbeans\enterprise\modules\ext\jakarta.jakartaee-web-api-8.0.0.jar" />
    <property name="libs.spring-framework400.javadoc" value="" />
    <property name="libs.CopyLibs.javadoc" value="" />
    <property name="libs.jakartaee-api-8.0.maven-pom" value="" />
    <property name="org.openide.specification.version" value="6.2" />
    <property name="user.home" value="C:\Users\sherr" />
    <property name="annotation.processing.processors.list" value="" />
    <property name="libs.primefaces.maven-pom" value="" />
    <property name="libs.javaee-api-6.0.maven-pom" value="" />
    <property name="libs.JWSAntTasks.src" value="" />
    <property name="libs.CopyLibs.maven-pom" value="" />
    <property name="jar.index" value="false" />
    <property name="libs.absolutelayout.javadoc" value="" />
    <property name="libs.spring-framework300.javadoc" value="" />
    <property name="java.specification.name" value="Java Platform API Specification" />
    <property name="guice.disable.misplaced.annotation.check" value="true" />
    <property name="libs.spring-webmvc5.0.maven-pom" value="" />
    <property name="java.specification.vendor" value="Oracle Corporation" />
    <property name="java.version" value="1.8.0_382-382" />
    <property name="javadoc.version" value="false" />
    <property name="run.jvmargs.ide" value="" />
    <property name="javac.processormodulepath" value="" />
    <property name="org.openide.version" value="deprecated" />
    <property name="source.encoding" value="UTF-8" />
    <property name="platform.java" value="C:\Program Files\Java\openjdk-8u382\jre/bin/java" />
    <property name="ap.cmd.line.internal" value="" />
    <property name="libs.eclipselinkmodelgen.maven-pom" value="" />
    <property name="libs.jsp-compilation-syscp.javadoc" value="" />
    <property name="ant.file.type.jfx-impl" value="file" />
    <property name="libs.javaee-web-api-8.0.src" value="" />
    <property name="libs.javaee-endorsed-api-7.0.classpath" value="C:\Program Files\NetBeans-12.4\netbeans\enterprise\modules\ext\javaee7-endorsed\javax.annotation-api.jar;C:\Program Files\NetBeans-12.4\netbeans\enterprise\modules\ext\javaee7-endorsed\javax.xml.soap-api.jar;C:\Program Files\NetBeans-12.4\netbeans\enterprise\modules\ext\javaee7-endorsed\jaxb-api-osgi.jar;C:\Program Files\NetBeans-12.4\netbeans\enterprise\modules\ext\javaee7-endorsed\jaxws-api.jar;C:\Program Files\NetBeans-12.4\netbeans\enterprise\modules\ext\javaee7-endorsed\jsr181-api.jar" />
    <property name="libs.eclipselinkmodelgen.javadoc" value="" />
    <property name="libs.metro.javadoc" value="C:\Program Files\NetBeans-12.4\netbeans\enterprise\docs\webservices-api-javadoc.jar;C:\Program Files\NetBeans-12.4\netbeans\enterprise\docs\webservices-extra-javadoc.jar;C:\Program Files\NetBeans-12.4\netbeans\enterprise\docs\webservices-extra-api-javadoc.jar;C:\Program Files\NetBeans-12.4\netbeans\enterprise\docs\webservices-rt-javadoc.jar;C:\Program Files\NetBeans-12.4\netbeans\enterprise\docs\webservices-tools-javadoc.jar" />
    <property name="libs.struts.maven-pom" value="" />
    <property name="ant.file.jfx-impl" value="C:\Users\sherr\Documents\NetBeansProjects\IngSoftwareGroup2-main\nbproject\jfx-impl.xml" />
    <property name="jnidispatch.path" value="C:\Users\sherr\AppData\Local\Temp\jna-109403888\jna567598316267512065.dll" />
    <property name="netbeans.home+have.tests" value="true" />
    <property name="annotation.processing.processor.options" value="" />
    <property name="libs.testng.maven-pom" value="" />
    <property name="libs.jaxb.src" value="" />
    <property name="work.dir" value="C:\Users\sherr\Documents\NetBeansProjects\IngSoftwareGroup2-main" />
    <property name="libs.jaxb.classpath" value="C:\Program Files\NetBeans-12.4\netbeans\ide\modules\ext\jaxb\jaxb-impl.jar;C:\Program Files\NetBeans-12.4\netbeans\ide\modules\ext\jaxb\jaxb-xjc.jar;C:\Program Files\NetBeans-12.4\netbeans\ide\modules\ext\jaxb\activation.jar;C:\Program Files\NetBeans-12.4\netbeans\ide\modules\ext\jaxb\api\jaxb-api.jar" />
    <property name="compile.on.save.unsupported.javafx" value="true" />
    <property name="php.global.include.path" value="" />
    <property name="do.depend" value="false" />
    <property name="dist.javadoc.dir" value="dist/javadoc" />
    <property name="libs.spring-webmvc3.0.classpath" value="C:\Program Files\NetBeans-12.4\netbeans\java\modules\ext\spring-3.0\spring-webmvc-3.2.18.RELEASE.jar" />
    <property name="libs.javaee-web-api-7.0.maven-pom" value="" />
    <property name="libs.restlib.src" value="" />
    <property name="javac.source" value="1.8" />
    <property name="build.generated.dir" value="build/generated" />
    <property name="javafx.fallback.class" value="com.javafx.main.NoJavaFXFallback" />
    <property name="line.separator" value="&#xd;&#xa;" />
    <property name="libs.javaee-api-8.0.classpath" value="C:\Program Files\NetBeans-12.4\netbeans\enterprise\modules\ext\javaee-api-8.0.jar" />
    <property name="java.specification.version" value="1.8" />
    <property name="java.vm.info" value="mixed mode" />
    <property name="libs.jaxws21.maven-pom" value="" />
    <property name="nb.junit.batch" value="true" />
    <property name="junit.forkmode" value="perTest" />
    <property name="sun.boot.class.path" value="C:\Program Files\Java\openjdk-8u382\jre\lib\resources.jar;C:\Program Files\Java\openjdk-8u382\jre\lib\rt.jar;C:\Program Files\Java\openjdk-8u382\jre\lib\sunrsasign.jar;C:\Program Files\Java\openjdk-8u382\jre\lib\jsse.jar;C:\Program Files\Java\openjdk-8u382\jre\lib\jce.jar;C:\Program Files\Java\openjdk-8u382\jre\lib\charsets.jar;C:\Program Files\Java\openjdk-8u382\jre\lib\jfr.jar;C:\Program Files\Java\openjdk-8u382\jre\classes" />
    <property name="javac.target" value="1.8" />
    <property name="built-jar.properties" value="C:\Users\sherr\Documents\NetBeansProjects\IngSoftwareGroup2-main\build\built-jar.properties" />
    <property name="build.test.classes.dir" value="build/test/classes" />
    <property name="src.dir" value="src" />
    <property name="javac.test.compilerargs" value="" />
    <property name="sun.awt.keepWorkingSetOnMinimize" value="true" />
    <property name="annotation.processing.enabled" value="true" />
    <property name="libs.jsf20.src" value="" />
    <property name="libs.jpa20-persistence.src" value="" />
    <property name="libs.jsf12.src" value="" />
    <property name="libs.struts.javadoc" value="C:\Program Files\NetBeans-12.4\netbeans\enterprise\docs\struts-1.3.10-javadoc.zip" />
    <property name="ignore.failing.tests" value="true" />
    <property name="javafx.enable.concurrent.external.runs" value="false" />
    <property name="libs.javaee-web-api-7.0.src" value="" />
    <property name="libs.primefaces.src" value="" />
    <property name="javafx.deploy.embedJNLP" value="true" />
    <property name="dist.dir" value="dist" />
    <property name="libs.groovy-all.javadoc" value="" />
    <property name="testng.debug.mode" value="" />
    <property name="libs.groovy-all.classpath" value="C:\Program Files\NetBeans-12.4\netbeans\groovy\modules\ext\groovy.jar;C:\Program Files\NetBeans-12.4\netbeans\groovy\modules\ext\groovy-ant.jar" />
    <property name="javac.fork" value="false" />
    <property name="java.awt.printerjob" value="sun.awt.windows.WPrinterJob" />
    <property name="default.javac.source" value="1.8" />
    <property name="debug-transport-by-os" value="dt_shmem" />
    <property name="sun.jnu.encoding" value="Cp1252" />
    <property name="run.test.jvmargs" value="" />
    <property name="ant.file.type.ScientificCalculator" value="file" />
    <property name="build.test.results.dir" value="build/test/results" />
    <property name="java.runtime.version" value="1.8.0_382-382-b05" />
    <property name="javafx.run.inbrowser" value="&lt;Default System Browser&gt;" />
    <property name="ant.file.type.ScientificCalculator-impl" value="file" />
    <property name="default.javac.target" value="1.8" />
    <property name="libs.junit_4.classpath" value="C:\Program Files\NetBeans-12.4\netbeans\platform\modules\ext\junit-4.13.1.jar" />
    <property name="user.timezone" value="" />
    <property name="nb.junit.single" value="false" />
    <property name="libs.javaee-endorsed-api-6.0.maven-pom" value="" />
    <property name="netbeans.dirs" value="C:\Program Files\NetBeans-12.4\netbeans\nb;C:\Program Files\NetBeans-12.4\netbeans\ergonomics;C:\Program Files\NetBeans-12.4\netbeans\ide;C:\Program Files\NetBeans-12.4\netbeans\extide;C:\Program Files\NetBeans-12.4\netbeans\java;C:\Program Files\NetBeans-12.4\netbeans\apisupport;C:\Program Files\NetBeans-12.4\netbeans\webcommon;C:\Program Files\NetBeans-12.4\netbeans\websvccommon;C:\Program Files\NetBeans-12.4\netbeans\enterprise;C:\Program Files\NetBeans-12.4\netbeans\mobility;C:\Program Files\NetBeans-12.4\netbeans\profiler;C:\Program Files\NetBeans-12.4\netbeans\python;C:\Program Files\NetBeans-12.4\netbeans\php;C:\Program Files\NetBeans-12.4\netbeans\identity;C:\Program Files\NetBeans-12.4\netbeans\harness;C:\Program Files\NetBeans-12.4\netbeans\cnd;C:\Program Files\NetBeans-12.4\netbeans\cndext;C:\Program Files\NetBeans-12.4\netbeans\cpplite;C:\Program Files\NetBeans-12.4\netbeans\dlight;C:\Program Files\NetBeans-12.4\netbeans\groovy;C:\Program Files\NetBeans-12.4\netbeans\extra;C:\Program Files\NetBeans-12.4\netbeans\javacard;C:\Program Files\NetBeans-12.4\netbeans\javafx" />
    <property name="libs.spring-framework500.maven-pom" value="" />
    <property name="libs.jsf20.javadoc" value="C:\Program Files\NetBeans-12.4\netbeans\enterprise\docs\javaee-doc-api.jar" />
    <property name="libs.jstl.javadoc" value="C:\Program Files\NetBeans-12.4\netbeans\enterprise\docs\javaee-doc-api.jar" />
    <property name="java.ext.dirs" value="C:\Program Files\Java\openjdk-8u382\jre\lib\ext;C:\WINDOWS\Sun\Java\lib\ext" />
    <property name="libs.metro.src" value="" />
    <property name="endorsed.classpath" value="" />
    <property name="libs.absolutelayout.classpath" value="C:\Program Files\NetBeans-12.4\netbeans\java\modules\ext\AbsoluteLayout.jar" />
    <property name="excludes" value="" />
    <property name="libs.metro.classpath" value="C:\Program Files\NetBeans-12.4\netbeans\ide\modules\ext\jaxb\activation.jar;C:\Program Files\NetBeans-12.4\netbeans\enterprise\modules\ext\metro\webservices-api.jar;C:\Program Files\NetBeans-12.4\netbeans\enterprise\modules\ext\metro\webservices-extra-api.jar;C:\Program Files\NetBeans-12.4\netbeans\enterprise\modules\ext\metro\webservices-extra.jar;C:\Program Files\NetBeans-12.4\netbeans\enterprise\modules\ext\metro\webservices-rt.jar;C:\Program Files\NetBeans-12.4\netbeans\enterprise\modules\ext\metro\webservices-tools.jar" />
    <property name="libs.restlib.maven-pom" value="" />
    <property name="apple.laf.useScreenMenuBar" value="true" />
    <property name="java.class.path" value="C:\Users\sherr\Documents\NetBeansProjects\IngSoftwareGroup2-main\build\classes;C:\Program Files\NetBeans-12.4\netbeans\platform\modules\ext\junit-jupiter-api-5.6.0.jar;C:\Program Files\NetBeans-12.4\netbeans\platform\modules\ext\junit-jupiter-params-5.6.0.jar;C:\Program Files\NetBeans-12.4\netbeans\platform\modules\ext\junit-jupiter-engine-5.6.0.jar;C:\Program Files\NetBeans-12.4\netbeans\platform\modules\ext\junit-4.13.1.jar;C:\Program Files\NetBeans-12.4\netbeans\platform\modules\ext\hamcrest-core-1.3.jar;C:\Users\sherr\Documents\NetBeansProjects\IngSoftwareGroup2-main\build\test\classes;C:\Program Files\NetBeans-12.4\netbeans\extide\ant\lib\ant-launcher.jar;C:\Program Files\NetBeans-12.4\netbeans\extide\ant\lib\ant.jar;C:\Program Files\NetBeans-12.4\netbeans\extide\ant\lib\ant-junit.jar;C:\Program Files\NetBeans-12.4\netbeans\extide\ant\lib\ant-junit4.jar" />
    <property name="libs.absolutelayout.src" value="" />
    <property name="libs.jakartaee-api-9.0.maven-pom" value="" />
    <property name="libs.jpa20-persistence.classpath" value="C:\Program Files\NetBeans-12.4\netbeans\java\modules\ext\eclipselink\javax.persistence-2.2.1.jar" />
    <property name="libs.junit_5.javadoc" value="C:\Program Files\NetBeans-12.4\netbeans\platform\docs\junit-jupiter-api-5.6.0-javadoc.jar;C:\Program Files\NetBeans-12.4\netbeans\platform\docs\junit-jupiter-params-5.6.0-javadoc.jar;C:\Program Files\NetBeans-12.4\netbeans\platform\docs\junit-jupiter-engine-5.6.0-javadoc.jar" />
    <property name="libs.spring-framework500.src" value="" />
    <property name="os.version" value="10.0" />
    <property name="application.args" value="" />
    <property name="libs.jakartaee-api-8.0.javadoc" value="C:\Program Files\NetBeans-12.4\netbeans\enterprise\docs\jakartaee8-doc-api.jar" />
    <property name="manifest.custom.permissions" value="" />
    <property name="libs.javaee-api-7.0.maven-pom" value="" />
    <property name="main.class.available" value="true" />
    <property name="sun.awt.enableExtraMouseButtons" value="true" />
    <property name="sun.desktop" value="windows" />
    <property name="javafx.deploy.allowoffline" value="true" />
    <property name="libs.restlib.javadoc" value="" />
    <property name="libs.JAXB-ENDORSED.classpath" value="C:\Program Files\NetBeans-12.4\netbeans\ide\modules\ext\jaxb\api\jaxb-api.jar" />
    <property name="nb.internal.action.name" value="test.single" />
    <property name="run.test.modulepath" value="" />
    <property name="libs.javaee-api-7.0.javadoc" value="C:\Program Files\NetBeans-12.4\netbeans\enterprise\docs\javaee-doc-api.jar" />
    <property name="libs.eclipselink.classpath" value="C:\Program Files\NetBeans-12.4\netbeans\java\modules\ext\eclipselink\org.eclipse.persistence.core-2.7.7.jar;C:\Program Files\NetBeans-12.4\netbeans\java\modules\ext\eclipselink\org.eclipse.persistence.asm-2.7.7.jar;C:\Program Files\NetBeans-12.4\netbeans\java\modules\ext\eclipselink\org.eclipse.persistence.antlr-2.7.7.jar;C:\Program Files\NetBeans-12.4\netbeans\java\modules\ext\eclipselink\org.eclipse.persistence.jpa-2.7.7.jar;C:\Program Files\NetBeans-12.4\netbeans\java\modules\ext\eclipselink\org.eclipse.persistence.jpa.jpql-2.7.7.jar;C:\Program Files\NetBeans-12.4\netbeans\java\modules\ext\eclipselink\org.eclipse.persistence.moxy-2.7.7.jar;C:\Program Files\NetBeans-12.4\netbeans\java\modules\ext\eclipselink\javax.persistence-2.2.1.jar" />
    <property name="java.awt.graphicsenv" value="sun.awt.Win32GraphicsEnvironment" />
    <property name="java.vm.vendor" value="Oracle Corporation" />
    <property name="libs.CopyLibs.classpath" value="C:\Program Files\NetBeans-12.4\netbeans\java\ant\extra\org-netbeans-modules-java-j2seproject-copylibstask.jar" />
    <property name="libs.javaee-api-8.0.src" value="" />
    <property name="libs.spring-framework300.classpath" value="C:\Program Files\NetBeans-12.4\netbeans\platform\modules\org-apache-commons-logging.jar;C:\Program Files\NetBeans-12.4\netbeans\java\modules\ext\cglib-2.2.jar;C:\Program Files\NetBeans-12.4\netbeans\java\modules\ext\spring-3.0\spring-aop-3.2.18.RELEASE.jar;C:\Program Files\NetBeans-12.4\netbeans\java\modules\ext\spring-3.0\spring-aspects-3.2.18.RELEASE.jar;C:\Program Files\NetBeans-12.4\netbeans\java\modules\ext\spring-3.0\spring-beans-3.2.18.RELEASE.jar;C:\Program Files\NetBeans-12.4\netbeans\java\modules\ext\spring-3.0\spring-context-3.2.18.RELEASE.jar;C:\Program Files\NetBeans-12.4\netbeans\java\modules\ext\spring-3.0\spring-context-support-3.2.18.RELEASE.jar;C:\Program Files\NetBeans-12.4\netbeans\java\modules\ext\spring-3.0\spring-core-3.2.18.RELEASE.jar;C:\Program Files\NetBeans-12.4\netbeans\java\modules\ext\spring-3.0\spring-expression-3.2.18.RELEASE.jar;C:\Program Files\NetBeans-12.4\netbeans\java\modules\ext\spring-3.0\spring-instrument-3.2.18.RELEASE.jar;C:\Program Files\NetBeans-12.4\netbeans\java\modules\ext\spring-3.0\spring-instrument-tomcat-3.2.18.RELEASE.jar;C:\Program Files\NetBeans-12.4\netbeans\java\modules\ext\spring-3.0\spring-jdbc-3.2.18.RELEASE.jar;C:\Program Files\NetBeans-12.4\netbeans\java\modules\ext\spring-3.0\spring-jms-3.2.18.RELEASE.jar;C:\Program Files\NetBeans-12.4\netbeans\java\modules\ext\spring-3.0\spring-orm-3.2.18.RELEASE.jar;C:\Program Files\NetBeans-12.4\netbeans\java\modules\ext\spring-3.0\spring-oxm-3.2.18.RELEASE.jar;C:\Program Files\NetBeans-12.4\netbeans\java\modules\ext\spring-3.0\spring-struts-3.2.18.RELEASE.jar;C:\Program Files\NetBeans-12.4\netbeans\java\modules\ext\spring-3.0\spring-test-3.2.18.RELEASE.jar;C:\Program Files\NetBeans-12.4\netbeans\java\modules\ext\spring-3.0\spring-tx-3.2.18.RELEASE.jar;C:\Program Files\NetBeans-12.4\netbeans\java\modules\ext\spring-3.0\spring-web-3.2.18.RELEASE.jar;C:\Program Files\NetBeans-12.4\netbeans\java\modules\ext\spring-3.0\spring-webmvc-3.2.18.RELEASE.jar;C:\Program Files\NetBeans-12.4\netbeans\java\modules\ext\spring-3.0\spring-webmvc-portlet-3.2.18.RELEASE.jar" />
    <property name="libs.jsp-compiler.maven-pom" value="" />
    <property name="libs.junit_5.maven-pom" value="" />
    <property name="libs.hamcrest.src" value="" />
    <property name="run.jvmargs" value="" />
    <property name="libs.JAXB-ENDORSED.src" value="" />
    <property name="libs.testng.javadoc" value="C:\Program Files\NetBeans-12.4\netbeans\platform\docs\testng-6.13.1-javadoc.jar" />
    <property name="user.script" value="" />
    <property name="libs.PostgreSQLDriver.classpath" value="C:\Program Files\NetBeans-12.4\netbeans\ide\modules\ext\postgresql-42.2.16.jar" />
    <property name="libs.jsf12.maven-pom" value="" />
    <property name="annotation.processing.source.output" value="build/generated-sources/ap-source-output" />
    <property name="main.class" value="com.javafx.main.Main" />
    <property name="libs.CopyLibs.src" value="" />
    <property name="build.dir" value="build" />
    <property name="libs.jsp-compilation.classpath" value="C:\Program Files\NetBeans-12.4\netbeans\extide\ant\lib\ant.jar;C:\Program Files\NetBeans-12.4\netbeans\enterprise\modules\ext\servlet3.1-jsp2.3-api.jar;C:\Program Files\NetBeans-12.4\netbeans\enterprise\modules\ext\glassfish-jspparser-4.0.jar;C:\Program Files\NetBeans-12.4\netbeans\enterprise\modules\ext\jsf-2_2\javax.faces.jar;C:\Program Files\NetBeans-12.4\netbeans\enterprise\modules\ext\jstl-api.jar;C:\Program Files\NetBeans-12.4\netbeans\extide\ant\lib\ant-launcher.jar" />
    <property name="libs.javaee-web-api-8.0.javadoc" value="C:\Program Files\NetBeans-12.4\netbeans\enterprise\docs\javaee-doc-api.jar" />
    <property name="debug.modulepath" value="" />
    <property name="ant.version" value="Apache Ant(TM) version 1.10.8 compiled on May 10 2020" />
    <property name="file.encoding" value="Cp1252" />
    <property name="build.classes.excludes" value="**/*.java,**/*.form" />
    <property name="jdkBug6558476" value="false" />
    <property name="javadoc.nonavbar" value="false" />
    <property name="libs.spring-webmvc4.0.classpath" value="C:\Program Files\NetBeans-12.4\netbeans\java\modules\ext\spring-4\spring-webmvc-4.3.29.RELEASE.jar" />
    <property name="platform.active" value="default_platform" />
    <property name="libs.javaee-web-api-8.0.maven-pom" value="" />
    <property name="awt.toolkit" value="sun.awt.windows.WToolkit" />
    <property name="libs.javaee-web-api-7.0.javadoc" value="C:\Program Files\NetBeans-12.4\netbeans\enterprise\docs\javaee-doc-api.jar" />
  </properties>
  <testcase classname="scientificcalculator.complexnumber.ComplexNumberTest" name="testSum10" time="0.021" />
  <testcase classname="scientificcalculator.complexnumber.ComplexNumberTest" name="testSum11" time="0.016">
    <failure message="expected:&lt;-4.48[+]8.14i&gt; but was:&lt;-4.48[-]8.14i&gt;" type="junit.framework.AssertionFailedError">junit.framework.AssertionFailedError: expected:&lt;-4.48[+]8.14i&gt; but was:&lt;-4.48[-]8.14i&gt;
	at scientificcalculator.complexnumber.ComplexNumberTest.testSum11(ComplexNumberTest.java:136)
</failure>
  </testcase>
  <testcase classname="scientificcalculator.complexnumber.ComplexNumberTest" name="testSum12" time="0.003">
    <failure message="expected:&lt;-8[.0+4.4]&gt; but was:&lt;-8[+4.4i]&gt;" type="junit.framework.AssertionFailedError">junit.framework.AssertionFailedError: expected:&lt;-8[.0+4.4]&gt; but was:&lt;-8[+4.4i]&gt;
	at scientificcalculator.complexnumber.ComplexNumberTest.testSum12(ComplexNumberTest.java:145)
</failure>
  </testcase>
  <testcase classname="scientificcalculator.complexnumber.ComplexNumberTest" name="testSum13" time="0.002">
    <failure message="expected:&lt;6.6+79.29[]&gt; but was:&lt;6.6+79.29[i]&gt;" type="junit.framework.AssertionFailedError">junit.framework.AssertionFailedError: expected:&lt;6.6+79.29[]&gt; but was:&lt;6.6+79.29[i]&gt;
	at scientificcalculator.complexnumber.ComplexNumberTest.testSum13(ComplexNumberTest.java:154)
</failure>
  </testcase>
  <testcase classname="scientificcalculator.complexnumber.ComplexNumberTest" name="testSum14" time="0.001" />
  <testcase classname="scientificcalculator.complexnumber.ComplexNumberTest" name="testSum15" time="0.001" />
  <testcase classname="scientificcalculator.complexnumber.ComplexNumberTest" name="testSum16" time="0.003">
    <failure message="expected:&lt;146.7[+]-9.6i&gt; but was:&lt;146.7[]-9.6i&gt;" type="junit.framework.AssertionFailedError">junit.framework.AssertionFailedError: expected:&lt;146.7[+]-9.6i&gt; but was:&lt;146.7[]-9.6i&gt;
	at scientificcalculator.complexnumber.ComplexNumberTest.testSum16(ComplexNumberTest.java:181)
</failure>
  </testcase>
  <testcase classname="scientificcalculator.complexnumber.ComplexNumberTest" name="testSum17" time="0.003">
    <failure message="expected:&lt;16[.0]-23.36i&gt; but was:&lt;16[]-23.36i&gt;" type="junit.framework.AssertionFailedError">junit.framework.AssertionFailedError: expected:&lt;16[.0]-23.36i&gt; but was:&lt;16[]-23.36i&gt;
	at scientificcalculator.complexnumber.ComplexNumberTest.testSum17(ComplexNumberTest.java:190)
</failure>
  </testcase>
  <testcase classname="scientificcalculator.complexnumber.ComplexNumberTest" name="testSum18" time="0.001" />
  <testcase classname="scientificcalculator.complexnumber.ComplexNumberTest" name="testSum19" time="0.001" />
  <testcase classname="scientificcalculator.complexnumber.ComplexNumberTest" name="testSum20" time="0.001" />
  <testcase classname="scientificcalculator.complexnumber.ComplexNumberTest" name="testSum21" time="0.001" />
  <testcase classname="scientificcalculator.complexnumber.ComplexNumberTest" name="testSum22" time="0.001" />
  <testcase classname="scientificcalculator.complexnumber.ComplexNumberTest" name="testSum23" time="0.001" />
  <testcase classname="scientificcalculator.complexnumber.ComplexNumberTest" name="testSum24" time="0.001" />
  <testcase classname="scientificcalculator.complexnumber.ComplexNumberTest" name="testSum25" time="0.004" />
  <testcase classname="scientificcalculator.complexnumber.ComplexNumberTest" name="testSum26" time="0.001" />
  <testcase classname="scientificcalculator.complexnumber.ComplexNumberTest" name="testSum27" time="0.001" />
  <testcase classname="scientificcalculator.complexnumber.ComplexNumberTest" name="testSum28" time="0.001" />
  <testcase classname="scientificcalculator.complexnumber.ComplexNumberTest" name="testSum29" time="0.001" />
  <testcase classname="scientificcalculator.complexnumber.ComplexNumberTest" name="testSum30" time="0.003">
    <failure message="expected:&lt;[87.3]+1.7i&gt; but was:&lt;[79.1]+1.7i&gt;" type="junit.framework.AssertionFailedError">junit.framework.AssertionFailedError: expected:&lt;[87.3]+1.7i&gt; but was:&lt;[79.1]+1.7i&gt;
	at scientificcalculator.complexnumber.ComplexNumberTest.testSum30(ComplexNumberTest.java:307)
</failure>
  </testcase>
  <testcase classname="scientificcalculator.complexnumber.ComplexNumberTest" name="testSum31" time="0.001" />
  <testcase classname="scientificcalculator.complexnumber.ComplexNumberTest" name="testSum32" time="0.002" />
  <testcase classname="scientificcalculator.complexnumber.ComplexNumberTest" name="testSum33" time="0.002" />
  <testcase classname="scientificcalculator.complexnumber.ComplexNumberTest" name="testSum34" time="0.001" />
  <testcase classname="scientificcalculator.complexnumber.ComplexNumberTest" name="testSum35" time="0.0" />
  <testcase classname="scientificcalculator.complexnumber.ComplexNumberTest" name="testSum36" time="0.001" />
  <testcase classname="scientificcalculator.complexnumber.ComplexNumberTest" name="testSum37" time="0.003">
    <failure message="expected:&lt;[-]0.8+7.7i&gt; but was:&lt;[]0.8+7.7i&gt;" type="junit.framework.AssertionFailedError">junit.framework.AssertionFailedError: expected:&lt;[-]0.8+7.7i&gt; but was:&lt;[]0.8+7.7i&gt;
	at scientificcalculator.complexnumber.ComplexNumberTest.testSum37(ComplexNumberTest.java:370)
</failure>
  </testcase>
  <testcase classname="scientificcalculator.complexnumber.ComplexNumberTest" name="testSum38" time="0.001" />
  <testcase classname="scientificcalculator.complexnumber.ComplexNumberTest" name="testSum39" time="0.001" />
  <testcase classname="scientificcalculator.complexnumber.ComplexNumberTest" name="testSum40" time="0.002">
    <failure message="expected:&lt;[10.8]&gt; but was:&lt;[-8.6]&gt;" type="junit.framework.AssertionFailedError">junit.framework.AssertionFailedError: expected:&lt;[10.8]&gt; but was:&lt;[-8.6]&gt;
	at scientificcalculator.complexnumber.ComplexNumberTest.testSum40(ComplexNumberTest.java:397)
</failure>
  </testcase>
  <testcase classname="scientificcalculator.complexnumber.ComplexNumberTest" name="testSum41" time="0.0" />
  <testcase classname="scientificcalculator.complexnumber.ComplexNumberTest" name="testSum42" time="0.0" />
  <testcase classname="scientificcalculator.complexnumber.ComplexNumberTest" name="testSum43" time="0.001" />
  <testcase classname="scientificcalculator.complexnumber.ComplexNumberTest" name="testSum44" time="0.002" />
  <testcase classname="scientificcalculator.complexnumber.ComplexNumberTest" name="testSum45" time="0.003">
    <failure message="expected:&lt;6.6+79.29[]&gt; but was:&lt;6.6+79.29[i]&gt;" type="junit.framework.AssertionFailedError">junit.framework.AssertionFailedError: expected:&lt;6.6+79.29[]&gt; but was:&lt;6.6+79.29[i]&gt;
	at scientificcalculator.complexnumber.ComplexNumberTest.testSum45(ComplexNumberTest.java:442)
</failure>
  </testcase>
  <testcase classname="scientificcalculator.complexnumber.ComplexNumberTest" name="testSum46" time="0.003">
    <failure message="expected:&lt;75+[60]i&gt; but was:&lt;75+[42]i&gt;" type="junit.framework.AssertionFailedError">junit.framework.AssertionFailedError: expected:&lt;75+[60]i&gt; but was:&lt;75+[42]i&gt;
	at scientificcalculator.complexnumber.ComplexNumberTest.testSum46(ComplexNumberTest.java:451)
</failure>
  </testcase>
  <testcase classname="scientificcalculator.complexnumber.ComplexNumberTest" name="testSum47" time="0.001" />
  <testcase classname="scientificcalculator.complexnumber.ComplexNumberTest" name="testSum48" time="0.001" />
  <testcase classname="scientificcalculator.complexnumber.ComplexNumberTest" name="testSum49" time="0.0" />
  <testcase classname="scientificcalculator.complexnumber.ComplexNumberTest" name="testSum50" time="0.001" />
  <testcase classname="scientificcalculator.complexnumber.ComplexNumberTest" name="testSum51" time="0.005">
    <failure message="expected:&lt;[98+162]i&gt; but was:&lt;[10-74]i&gt;" type="junit.framework.AssertionFailedError">junit.framework.AssertionFailedError: expected:&lt;[98+162]i&gt; but was:&lt;[10-74]i&gt;
	at scientificcalculator.complexnumber.ComplexNumberTest.testSum51(ComplexNumberTest.java:496)
</failure>
  </testcase>
  <testcase classname="scientificcalculator.complexnumber.ComplexNumberTest" name="testSum52" time="0.003">
    <failure message="expected:&lt;[-]8-4i&gt; but was:&lt;[]8-4i&gt;" type="junit.framework.AssertionFailedError">junit.framework.AssertionFailedError: expected:&lt;[-]8-4i&gt; but was:&lt;[]8-4i&gt;
	at scientificcalculator.complexnumber.ComplexNumberTest.testSum52(ComplexNumberTest.java:505)
</failure>
  </testcase>
  <testcase classname="scientificcalculator.complexnumber.ComplexNumberTest" name="testSum53" time="0.001" />
  <testcase classname="scientificcalculator.complexnumber.ComplexNumberTest" name="testSum54" time="0.001" />
  <testcase classname="scientificcalculator.complexnumber.ComplexNumberTest" name="testSum55" time="0.001" />
  <testcase classname="scientificcalculator.complexnumber.ComplexNumberTest" name="testSum56" time="0.001" />
  <testcase classname="scientificcalculator.complexnumber.ComplexNumberTest" name="testSum57" time="0.002">
    <failure message="expected:&lt;79.1+9.9i[;]&gt; but was:&lt;79.1+9.9i[]&gt;" type="junit.framework.AssertionFailedError">junit.framework.AssertionFailedError: expected:&lt;79.1+9.9i[;]&gt; but was:&lt;79.1+9.9i[]&gt;
	at scientificcalculator.complexnumber.ComplexNumberTest.testSum57(ComplexNumberTest.java:550)
</failure>
  </testcase>
  <testcase classname="scientificcalculator.complexnumber.ComplexNumberTest" name="testSum58" time="0.003">
    <failure message="expected:&lt;[-80+77]i&gt; but was:&lt;[79.1+9.9]i&gt;" type="junit.framework.AssertionFailedError">junit.framework.AssertionFailedError: expected:&lt;[-80+77]i&gt; but was:&lt;[79.1+9.9]i&gt;
	at scientificcalculator.complexnumber.ComplexNumberTest.testSum58(ComplexNumberTest.java:559)
</failure>
  </testcase>
  <testcase classname="scientificcalculator.complexnumber.ComplexNumberTest" name="testSum59" time="0.001" />
  <testcase classname="scientificcalculator.complexnumber.ComplexNumberTest" name="testSum60" time="0.001" />
  <testcase classname="scientificcalculator.complexnumber.ComplexNumberTest" name="testSum61" time="0.001" />
  <testcase classname="scientificcalculator.complexnumber.ComplexNumberTest" name="testSum62" time="0.003">
    <failure message="expected:&lt;1.2+10[.0]i&gt; but was:&lt;1.2+10[]i&gt;" type="junit.framework.AssertionFailedError">junit.framework.AssertionFailedError: expected:&lt;1.2+10[.0]i&gt; but was:&lt;1.2+10[]i&gt;
	at scientificcalculator.complexnumber.ComplexNumberTest.testSum62(ComplexNumberTest.java:595)
</failure>
  </testcase>
  <testcase classname="scientificcalculator.complexnumber.ComplexNumberTest" name="testSum63" time="0.002" />
  <testcase classname="scientificcalculator.complexnumber.ComplexNumberTest" name="testSum64" time="0.003">
    <failure message="expected:&lt;9.8[+]15.45i&gt; but was:&lt;9.8[-]15.45i&gt;" type="junit.framework.AssertionFailedError">junit.framework.AssertionFailedError: expected:&lt;9.8[+]15.45i&gt; but was:&lt;9.8[-]15.45i&gt;
	at scientificcalculator.complexnumber.ComplexNumberTest.testSum64(ComplexNumberTest.java:613)
</failure>
  </testcase>
  <testcase classname="scientificcalculator.complexnumber.ComplexNumberTest" name="testSum65" time="0.003">
    <failure message="expected:&lt;[-]8.1-1.11i&gt; but was:&lt;[]8.1-1.11i&gt;" type="junit.framework.AssertionFailedError">junit.framework.AssertionFailedError: expected:&lt;[-]8.1-1.11i&gt; but was:&lt;[]8.1-1.11i&gt;
	at scientificcalculator.complexnumber.ComplexNumberTest.testSum65(ComplexNumberTest.java:622)
</failure>
  </testcase>
  <testcase classname="scientificcalculator.complexnumber.ComplexNumberTest" name="testSum66" time="0.0" />
  <testcase classname="scientificcalculator.complexnumber.ComplexNumberTest" name="testSum67" time="0.002">
    <failure message="expected:&lt;-8.6[]&gt; but was:&lt;-8.6[i]&gt;" type="junit.framework.AssertionFailedError">junit.framework.AssertionFailedError: expected:&lt;-8.6[]&gt; but was:&lt;-8.6[i]&gt;
	at scientificcalculator.complexnumber.ComplexNumberTest.testSum67(ComplexNumberTest.java:640)
</failure>
  </testcase>
  <testcase classname="scientificcalculator.complexnumber.ComplexNumberTest" name="testSum68" time="0.001" />
  <testcase classname="scientificcalculator.complexnumber.ComplexNumberTest" name="testSum69" time="0.002">
    <failure message="expected:&lt;[-]0.6i&gt; but was:&lt;[]0.6i&gt;" type="junit.framework.AssertionFailedError">junit.framework.AssertionFailedError: expected:&lt;[-]0.6i&gt; but was:&lt;[]0.6i&gt;
	at scientificcalculator.complexnumber.ComplexNumberTest.testSum69(ComplexNumberTest.java:658)
</failure>
  </testcase>
  <testcase classname="scientificcalculator.complexnumber.ComplexNumberTest" name="testSum1" time="0.001" />
  <testcase classname="scientificcalculator.complexnumber.ComplexNumberTest" name="testSum2" time="0.001" />
  <testcase classname="scientificcalculator.complexnumber.ComplexNumberTest" name="testSum3" time="0.001" />
  <testcase classname="scientificcalculator.complexnumber.ComplexNumberTest" name="testSum4" time="0.004">
    <failure message="expected:&lt;[-]73-64i&gt; but was:&lt;[]73-64i&gt;" type="junit.framework.AssertionFailedError">junit.framework.AssertionFailedError: expected:&lt;[-]73-64i&gt; but was:&lt;[]73-64i&gt;
	at scientificcalculator.complexnumber.ComplexNumberTest.testSum4(ComplexNumberTest.java:73)
</failure>
  </testcase>
  <testcase classname="scientificcalculator.complexnumber.ComplexNumberTest" name="testSum5" time="0.001" />
  <testcase classname="scientificcalculator.complexnumber.ComplexNumberTest" name="testSum6" time="0.001" />
  <testcase classname="scientificcalculator.complexnumber.ComplexNumberTest" name="testSum7" time="0.001" />
  <testcase classname="scientificcalculator.complexnumber.ComplexNumberTest" name="testSum8" time="0.002">
    <failure message="expected:&lt;-[55+]73i&gt; but was:&lt;-[41-]73i&gt;" type="junit.framework.AssertionFailedError">junit.framework.AssertionFailedError: expected:&lt;-[55+]73i&gt; but was:&lt;-[41-]73i&gt;
	at scientificcalculator.complexnumber.ComplexNumberTest.testSum8(ComplexNumberTest.java:109)
</failure>
  </testcase>
  <testcase classname="scientificcalculator.complexnumber.ComplexNumberTest" name="testSum9" time="0.002">
    <failure message="expected:&lt;-91[+]46i&gt; but was:&lt;-91[-]46i&gt;" type="junit.framework.AssertionFailedError">junit.framework.AssertionFailedError: expected:&lt;-91[+]46i&gt; but was:&lt;-91[-]46i&gt;
	at scientificcalculator.complexnumber.ComplexNumberTest.testSum9(ComplexNumberTest.java:118)
</failure>
  </testcase>
  <system-out><![CDATA[]]></system-out>
  <system-err><![CDATA[]]></system-err>
</testsuite>
